[0mCompiling "resources/public/cljs/tests/all-tests.js" from ["src" "test"]...[0m
[32mSuccessfully compiled "resources/public/cljs/tests/all-tests.js" in 0.361 seconds.[0m
notifying browser that file changed:  resources/public/cljs/tests/out/goog/deps.js
notifying browser that file changed:  resources/public/cljs/tests/out/cljs_deps.js
notifying browser that file changed:  out/axiom_cljs/core_test.js
[0mCompiling "resources/public/cljs/tests/all-tests.js" from ["src" "test"]...[0m
[32mSuccessfully compiled "resources/public/cljs/tests/all-tests.js" in 0.435 seconds.[0m
notifying browser that file changed:  out/axiom_cljs/core_test.js
[0mCompiling "resources/public/cljs/tests/all-tests.js" from ["src" "test"]...[0m
[32mSuccessfully compiled "resources/public/cljs/tests/all-tests.js" in 0.377 seconds.[0m
notifying browser that file changed:  out/axiom_cljs/core_test.js
[0mCompiling "resources/public/cljs/tests/all-tests.js" from ["src" "test"]...[0m
[32mSuccessfully compiled "resources/public/cljs/tests/all-tests.js" in 0.329 seconds.[0m
notifying browser that file changed:  out/axiom_cljs/core.js
[0mCompiling "resources/public/cljs/tests/all-tests.js" from ["src" "test"]...[0m
[32mSuccessfully compiled "resources/public/cljs/tests/all-tests.js" in 0.332 seconds.[0m
notifying browser that file changed:  out/axiom_cljs/core_test.js
[0mCompiling "resources/public/cljs/tests/all-tests.js" from ["src" "test"]...[0m
[31mFailed to compile "resources/public/cljs/tests/all-tests.js" in 0.342 seconds.[0m
[36m----  Could not Analyze  test/axiom_cljs/core_test.cljs   line:14  column:1  ----[0m

  [1mclojure.lang.PersistentList cannot be cast to clojure.lang.Named[0m

  [36m12[0m  [36m2. `:to-host`: A `core.async` channel for delivering events to the host,[0m
  [36m13[0m  [36m3. `:err`: An `atom` holding the latest error, or `nil` if communication is intact."[0m
  [33m14[0m  [1m(deftest[0m
  [0m  [0m  [33m^--- clojure.lang.PersistentList cannot be cast to clojure.lang.Named[0m
  [36m15[0m  [36m  (is (= 1 2)))[0m

[36m----  Analysis Error : Please see test/axiom_cljs/core_test.cljs  ----[0m
[0mCompiling "resources/public/cljs/tests/all-tests.js" from ["src" "test"]...[0m
[32mSuccessfully compiled "resources/public/cljs/tests/all-tests.js" in 0.328 seconds.[0m
notifying browser that file changed:  out/axiom_cljs/core_test.js
[0mCompiling "resources/public/cljs/tests/all-tests.js" from ["src" "test"]...[0m
[32mSuccessfully compiled "resources/public/cljs/tests/all-tests.js" in 0.343 seconds.[0m
notifying browser that file changed:  out/axiom_cljs/core_test.js
[0mCompiling "resources/public/cljs/tests/all-tests.js" from ["src" "test"]...[0m
[32mSuccessfully compiled "resources/public/cljs/tests/all-tests.js" in 0.369 seconds.[0m
notifying browser that file changed:  out/axiom_cljs/core_test.js
[0mCompiling "resources/public/cljs/tests/all-tests.js" from ["src" "test"]...[0m
[32mSuccessfully compiled "resources/public/cljs/tests/all-tests.js" in 0.369 seconds.[0m
notifying browser that file changed:  out/axiom_cljs/core_test.js
[0mCompiling "resources/public/cljs/tests/all-tests.js" from ["src" "test"]...[0m
[32mSuccessfully compiled "resources/public/cljs/tests/all-tests.js" in 0.34 seconds.[0m
notifying browser that file changed:  out/axiom_cljs/core_test.js
[0mCompiling "resources/public/cljs/tests/all-tests.js" from ["src" "test"]...[0m
[32mSuccessfully compiled "resources/public/cljs/tests/all-tests.js" in 0.318 seconds.[0m
notifying browser that file changed:  out/axiom_cljs/core_test.js
[0mCompiling "resources/public/cljs/tests/all-tests.js" from ["src" "test"]...[0m
[32mSuccessfully compiled "resources/public/cljs/tests/all-tests.js" in 0.33 seconds.[0m
notifying browser that file changed:  out/axiom_cljs/core_test.js
[0mCompiling "resources/public/cljs/tests/all-tests.js" from ["src" "test"]...[0m
[31mFailed to compile "resources/public/cljs/tests/all-tests.js" in 0.291 seconds.[0m
[36m----  Could not Analyze  test/axiom_cljs/core_test.cljs  ----[0m

  [1mCould not locate cljs/core/async__init.class or cljs/core/async.clj on classpath.[0m

[36m----  Analysis Error : Please see test/axiom_cljs/core_test.cljs  ----[0m
[0mCompiling "resources/public/cljs/tests/all-tests.js" from ["src" "test"]...[0m
[31mFailed to compile "resources/public/cljs/tests/all-tests.js" in 0.312 seconds.[0m
[36m----  Could not Analyze  test/axiom_cljs/core_test.cljs  ----[0m

  [1mCould not locate cljs/core/async__init.class or cljs/core/async.clj on classpath.[0m

[36m----  Analysis Error : Please see test/axiom_cljs/core_test.cljs  ----[0m
[0mCompiling "resources/public/cljs/tests/all-tests.js" from ["src" "test"]...[0m
[32mSuccessfully compiled "resources/public/cljs/tests/all-tests.js" in 0.869 seconds.[0m
notifying browser that file changed:  resources/public/cljs/tests/out/goog/deps.js
notifying browser that file changed:  resources/public/cljs/tests/out/cljs_deps.js
notifying browser that file changed:  out/axiom_cljs/core_test.js
[0mCompiling "resources/public/cljs/tests/all-tests.js" from ["src" "test"]...[0m
[31mFailed to compile "resources/public/cljs/tests/all-tests.js" in 0.278 seconds.[0m
[36m----  Could not Analyze  test/axiom_cljs/core_test.cljs  ----[0m

  [1mCould not locate cljs/core/async__init.class or cljs/core/async.clj on classpath.[0m

[36m----  Analysis Error : Please see test/axiom_cljs/core_test.cljs  ----[0m
[0mCompiling "resources/public/cljs/tests/all-tests.js" from ["src" "test"]...[0m
[32mSuccessfully compiled "resources/public/cljs/tests/all-tests.js" in 0.576 seconds.[0m
notifying browser that file changed:  resources/public/cljs/tests/out/goog/deps.js
notifying browser that file changed:  resources/public/cljs/tests/out/cljs_deps.js
notifying browser that file changed:  out/axiom_cljs/core_test.js
[0mCompiling "resources/public/cljs/tests/all-tests.js" from ["src" "test"]...[0m
[31mFailed to compile "resources/public/cljs/tests/all-tests.js" in 0.25 seconds.[0m
[36m----  Could not Analyze  test/axiom_cljs/core_test.cljs  ----[0m

  [1mNo such namespace: cljs.core.asyncre, could not locate cljs/core/asyncre.cljs, cljs/core/asyncre.cljc, or Closure namespace "cljs.core.asyncre" [0m

[36m----  Analysis Error : Please see test/axiom_cljs/core_test.cljs  ----[0m
[0mCompiling "resources/public/cljs/tests/all-tests.js" from ["src" "test"]...[0m
[32mSuccessfully compiled "resources/public/cljs/tests/all-tests.js" in 0.422 seconds.[0m
notifying browser that file changed:  out/axiom_cljs/core_test.js
[0mCompiling "resources/public/cljs/tests/all-tests.js" from ["src" "test"]...[0m
[32mSuccessfully compiled "resources/public/cljs/tests/all-tests.js" in 0.446 seconds.[0m
notifying browser that file changed:  out/axiom_cljs/core_test.js
[0mCompiling "resources/public/cljs/tests/all-tests.js" from ["src" "test"]...[0m
[36m----  Compiler Warning on   test/axiom_cljs/core_test.cljs   line:18  column:11  ----[0m

  [1mUse of undeclared Var cljs.core.async/go[0m

  [36m14[0m  [36m3. `:err`: An `atom` holding the latest error, or `nil` if communication is intact.[0m
  [36m15[0m  [36mAdditionally, it contains the fields of the `:init` event it receives from the server-side once the connection is open."[0m
  [36m16[0m  [36m(deftest connection[0m
  [36m17[0m  [36m  (async done[0m
  [33m18[0m  [1m         (async/go)[0m
  [0m  [0m  [33m          ^--- Use of undeclared Var cljs.core.async/go[0m
  [36m19[0m  [36m         (done)))[0m

[36m----  Compiler Warning : Please see test/axiom_cljs/core_test.cljs  ----[0m
[36m----  Compiler Warning on   test/axiom_cljs/core_test.cljs   line:18  column:11  ----[0m

  [1mUse of undeclared Var cljs.core.async/go[0m

  [36m14[0m  [36m3. `:err`: An `atom` holding the latest error, or `nil` if communication is intact.[0m
  [36m15[0m  [36mAdditionally, it contains the fields of the `:init` event it receives from the server-side once the connection is open."[0m
  [36m16[0m  [36m(deftest connection[0m
  [36m17[0m  [36m  (async done[0m
  [33m18[0m  [1m         (async/go)[0m
  [0m  [0m  [33m          ^--- Use of undeclared Var cljs.core.async/go[0m
  [36m19[0m  [36m         (done)))[0m

[36m----  Compiler Warning : Please see test/axiom_cljs/core_test.cljs  ----[0m
[36m----  Compiler Warning on   test/axiom_cljs/core_test.cljs   line:18  column:11  ----[0m

  [1mUse of undeclared Var cljs.core.async/go[0m

  [36m14[0m  [36m3. `:err`: An `atom` holding the latest error, or `nil` if communication is intact.[0m
  [36m15[0m  [36mAdditionally, it contains the fields of the `:init` event it receives from the server-side once the connection is open."[0m
  [36m16[0m  [36m(deftest connection[0m
  [36m17[0m  [36m  (async done[0m
  [33m18[0m  [1m         (async/go)[0m
  [0m  [0m  [33m          ^--- Use of undeclared Var cljs.core.async/go[0m
  [36m19[0m  [36m         (done)))[0m

[36m----  Compiler Warning : Please see test/axiom_cljs/core_test.cljs  ----[0m
[36m----  Compiler Warning on   test/axiom_cljs/core_test.cljs   line:18  column:11  ----[0m

  [1mUse of undeclared Var cljs.core.async/go[0m

  [36m14[0m  [36m3. `:err`: An `atom` holding the latest error, or `nil` if communication is intact.[0m
  [36m15[0m  [36mAdditionally, it contains the fields of the `:init` event it receives from the server-side once the connection is open."[0m
  [36m16[0m  [36m(deftest connection[0m
  [36m17[0m  [36m  (async done[0m
  [33m18[0m  [1m         (async/go)[0m
  [0m  [0m  [33m          ^--- Use of undeclared Var cljs.core.async/go[0m
  [36m19[0m  [36m         (done)))[0m

[36m----  Compiler Warning : Please see test/axiom_cljs/core_test.cljs  ----[0m
[32mSuccessfully compiled "resources/public/cljs/tests/all-tests.js" in 0.436 seconds.[0m
notifying browser that file changed:  out/axiom_cljs/core_test.js
[0mCompiling "resources/public/cljs/tests/all-tests.js" from ["src" "test"]...[0m
[31mFailed to compile "resources/public/cljs/tests/all-tests.js" in 0.258 seconds.[0m
[36m----  Could not Analyze  test/axiom_cljs/core_test.cljs  ----[0m

  [1mCould not locate cljs/core/async__init.class or cljs/core/async.clj on classpath.[0m

[36m----  Analysis Error : Please see test/axiom_cljs/core_test.cljs  ----[0m
[0mCompiling "resources/public/cljs/tests/all-tests.js" from ["src" "test"]...[0m
[31mFailed to compile "resources/public/cljs/tests/all-tests.js" in 0.243 seconds.[0m
[36m----  Could not Analyze  test/axiom_cljs/core_test.cljs  ----[0m

  [1mCould not locate cljs/core/async__init.class or cljs/core/async.clj on classpath.[0m

[36m----  Analysis Error : Please see test/axiom_cljs/core_test.cljs  ----[0m
[0mCompiling "resources/public/cljs/tests/all-tests.js" from ["src" "test"]...[0m
[32mSuccessfully compiled "resources/public/cljs/tests/all-tests.js" in 0.417 seconds.[0m
notifying browser that file changed:  out/axiom_cljs/core_test.js
[0mCompiling "resources/public/cljs/tests/all-tests.js" from ["src" "test"]...[0m
[32mSuccessfully compiled "resources/public/cljs/tests/all-tests.js" in 0.419 seconds.[0m
notifying browser that file changed:  out/axiom_cljs/core_test.js
[0mCompiling "resources/public/cljs/tests/all-tests.js" from ["src" "test"]...[0m
[32mSuccessfully compiled "resources/public/cljs/tests/all-tests.js" in 0.428 seconds.[0m
notifying browser that file changed:  out/axiom_cljs/core_test.js
[0mCompiling "resources/public/cljs/tests/all-tests.js" from ["src" "test"]...[0m
[32mSuccessfully compiled "resources/public/cljs/tests/all-tests.js" in 0.435 seconds.[0m
notifying browser that file changed:  out/axiom_cljs/core_test.js
[0mCompiling "resources/public/cljs/tests/all-tests.js" from ["src" "test"]...[0m
[36m----  Compiler Warning on   test/axiom_cljs/core_test.cljs   line:21  column:34  ----[0m

  [1mUse of undeclared Var axiom-cljs.core-test/connection[0m

  [36m17[0m  [36m(deftest connection[0m
  [36m18[0m  [36m  (async done[0m
  [36m19[0m  [36m         (go[0m
  [36m20[0m  [36m           (let [mock-ws-ch (fn [url])[0m
  [33m21[0m  [1m                 host (async/<! (connection :ws-ch mock-ws-ch))])[0m
  [0m  [0m  [33m                                 ^--- Use of undeclared Var axiom-cljs.core-test/connection[0m
  [36m22[0m  [36m           (done))))[0m

[36m----  Compiler Warning : Please see test/axiom_cljs/core_test.cljs  ----[0m
[36m----  Compiler Warning on   test/axiom_cljs/core_test.cljs   line:21  column:34  ----[0m

  [1mUse of undeclared Var axiom-cljs.core-test/connection[0m

  [36m17[0m  [36m(deftest connection[0m
  [36m18[0m  [36m  (async done[0m
  [36m19[0m  [36m         (go[0m
  [36m20[0m  [36m           (let [mock-ws-ch (fn [url])[0m
  [33m21[0m  [1m                 host (async/<! (connection :ws-ch mock-ws-ch))])[0m
  [0m  [0m  [33m                                 ^--- Use of undeclared Var axiom-cljs.core-test/connection[0m
  [36m22[0m  [36m           (done))))[0m

[36m----  Compiler Warning : Please see test/axiom_cljs/core_test.cljs  ----[0m
[36m----  Compiler Warning on   test/axiom_cljs/core_test.cljs   line:19  column:10  ----[0m

  [1mWrong number of args (2) passed to axiom-cljs.core-test/connection[0m

  [36m15[0m  [36m3. `:err`: An `atom` holding the latest error, or `nil` if communication is intact.[0m
  [36m16[0m  [36mAdditionally, it contains the fields of the `:init` event it receives from the server-side once the connection is open."[0m
  [36m17[0m  [36m(deftest connection[0m
  [36m18[0m  [36m  (async done[0m
  [33m19[0m  [1m         (go[0m
  [0m  [0m  [33m         ^--- Wrong number of args (2) passed to axiom-cljs.core-test/connection[0m
  [36m20[0m  [36m           (let [mock-ws-ch (fn [url])[0m
  [36m21[0m  [36m                 host (async/<! (connection :ws-ch mock-ws-ch))])[0m
  [36m22[0m  [36m           (done))))[0m

[36m----  Compiler Warning : Please see test/axiom_cljs/core_test.cljs  ----[0m
[36m----  Compiler Warning on   test/axiom_cljs/core_test.cljs   line:19  column:10  ----[0m

  [1mWrong number of args (2) passed to axiom-cljs.core-test/connection[0m

  [36m15[0m  [36m3. `:err`: An `atom` holding the latest error, or `nil` if communication is intact.[0m
  [36m16[0m  [36mAdditionally, it contains the fields of the `:init` event it receives from the server-side once the connection is open."[0m
  [36m17[0m  [36m(deftest connection[0m
  [36m18[0m  [36m  (async done[0m
  [33m19[0m  [1m         (go[0m
  [0m  [0m  [33m         ^--- Wrong number of args (2) passed to axiom-cljs.core-test/connection[0m
  [36m20[0m  [36m           (let [mock-ws-ch (fn [url])[0m
  [36m21[0m  [36m                 host (async/<! (connection :ws-ch mock-ws-ch))])[0m
  [36m22[0m  [36m           (done))))[0m

[36m----  Compiler Warning : Please see test/axiom_cljs/core_test.cljs  ----[0m
[32mSuccessfully compiled "resources/public/cljs/tests/all-tests.js" in 0.502 seconds.[0m
notifying browser that file changed:  out/axiom_cljs/core_test.js
[0mCompiling "resources/public/cljs/tests/all-tests.js" from ["src" "test"]...[0m
[36m----  Compiler Warning on   test/axiom_cljs/core_test.cljs   line:21  column:34  ----[0m

  [1mUse of undeclared Var axiom-cljs.core-test/connection[0m

  [36m17[0m  [36m(deftest connection[0m
  [36m18[0m  [36m  (async done[0m
  [36m19[0m  [36m         (go[0m
  [36m20[0m  [36m           (let [mock-ws-ch (fn [url])[0m
  [33m21[0m  [1m                 host (async/<! (connection :ws-ch mock-ws-ch))])[0m
  [0m  [0m  [33m                                 ^--- Use of undeclared Var axiom-cljs.core-test/connection[0m
  [36m22[0m  [36m           (done))))[0m

[36m----  Compiler Warning : Please see test/axiom_cljs/core_test.cljs  ----[0m
[36m----  Compiler Warning on   test/axiom_cljs/core_test.cljs   line:21  column:34  ----[0m

  [1mUse of undeclared Var axiom-cljs.core-test/connection[0m

  [36m17[0m  [36m(deftest connection[0m
  [36m18[0m  [36m  (async done[0m
  [36m19[0m  [36m         (go[0m
  [36m20[0m  [36m           (let [mock-ws-ch (fn [url])[0m
  [33m21[0m  [1m                 host (async/<! (connection :ws-ch mock-ws-ch))])[0m
  [0m  [0m  [33m                                 ^--- Use of undeclared Var axiom-cljs.core-test/connection[0m
  [36m22[0m  [36m           (done))))[0m

[36m----  Compiler Warning : Please see test/axiom_cljs/core_test.cljs  ----[0m
[36m----  Compiler Warning on   test/axiom_cljs/core_test.cljs   line:19  column:10  ----[0m

  [1mWrong number of args (2) passed to axiom-cljs.core-test/connection[0m

  [36m15[0m  [36m3. `:err`: An `atom` holding the latest error, or `nil` if communication is intact.[0m
  [36m16[0m  [36mAdditionally, it contains the fields of the `:init` event it receives from the server-side once the connection is open."[0m
  [36m17[0m  [36m(deftest connection[0m
  [36m18[0m  [36m  (async done[0m
  [33m19[0m  [1m         (go[0m
  [0m  [0m  [33m         ^--- Wrong number of args (2) passed to axiom-cljs.core-test/connection[0m
  [36m20[0m  [36m           (let [mock-ws-ch (fn [url])[0m
  [36m21[0m  [36m                 host (async/<! (connection :ws-ch mock-ws-ch))])[0m
  [36m22[0m  [36m           (done))))[0m

[36m----  Compiler Warning : Please see test/axiom_cljs/core_test.cljs  ----[0m
[36m----  Compiler Warning on   test/axiom_cljs/core_test.cljs   line:19  column:10  ----[0m

  [1mWrong number of args (2) passed to axiom-cljs.core-test/connection[0m

  [36m15[0m  [36m3. `:err`: An `atom` holding the latest error, or `nil` if communication is intact.[0m
  [36m16[0m  [36mAdditionally, it contains the fields of the `:init` event it receives from the server-side once the connection is open."[0m
  [36m17[0m  [36m(deftest connection[0m
  [36m18[0m  [36m  (async done[0m
  [33m19[0m  [1m         (go[0m
  [0m  [0m  [33m         ^--- Wrong number of args (2) passed to axiom-cljs.core-test/connection[0m
  [36m20[0m  [36m           (let [mock-ws-ch (fn [url])[0m
  [36m21[0m  [36m                 host (async/<! (connection :ws-ch mock-ws-ch))])[0m
  [36m22[0m  [36m           (done))))[0m

[36m----  Compiler Warning : Please see test/axiom_cljs/core_test.cljs  ----[0m
[32mSuccessfully compiled "resources/public/cljs/tests/all-tests.js" in 0.494 seconds.[0m
notifying browser that file changed:  out/axiom_cljs/core.js
[0mCompiling "resources/public/cljs/tests/all-tests.js" from ["src" "test"]...[0m
[36m----  Compiler Warning on   test/axiom_cljs/core_test.cljs   line:21  column:24  ----[0m

  [1mUse of undeclared Var axiom-cljs.core-test/connection[0m

  [36m17[0m  [36m(deftest connection[0m
  [36m18[0m  [36m  (async done[0m
  [36m19[0m  [36m         (go[0m
  [36m20[0m  [36m           (let [mock-ws-ch (fn [url])[0m
  [33m21[0m  [1m                 host (connection :ws-ch mock-ws-ch)])[0m
  [0m  [0m  [33m                       ^--- Use of undeclared Var axiom-cljs.core-test/connection[0m
  [36m22[0m  [36m           (done))))[0m

[36m----  Compiler Warning : Please see test/axiom_cljs/core_test.cljs  ----[0m
[36m----  Compiler Warning on   test/axiom_cljs/core_test.cljs   line:21  column:24  ----[0m

  [1mUse of undeclared Var axiom-cljs.core-test/connection[0m

  [36m17[0m  [36m(deftest connection[0m
  [36m18[0m  [36m  (async done[0m
  [36m19[0m  [36m         (go[0m
  [36m20[0m  [36m           (let [mock-ws-ch (fn [url])[0m
  [33m21[0m  [1m                 host (connection :ws-ch mock-ws-ch)])[0m
  [0m  [0m  [33m                       ^--- Use of undeclared Var axiom-cljs.core-test/connection[0m
  [36m22[0m  [36m           (done))))[0m

[36m----  Compiler Warning : Please see test/axiom_cljs/core_test.cljs  ----[0m
[36m----  Compiler Warning on   test/axiom_cljs/core_test.cljs   line:19  column:10  ----[0m

  [1mWrong number of args (2) passed to axiom-cljs.core-test/connection[0m

  [36m15[0m  [36m3. `:err`: An `atom` holding the latest error, or `nil` if communication is intact.[0m
  [36m16[0m  [36mAdditionally, it contains the fields of the `:init` event it receives from the server-side once the connection is open."[0m
  [36m17[0m  [36m(deftest connection[0m
  [36m18[0m  [36m  (async done[0m
  [33m19[0m  [1m         (go[0m
  [0m  [0m  [33m         ^--- Wrong number of args (2) passed to axiom-cljs.core-test/connection[0m
  [36m20[0m  [36m           (let [mock-ws-ch (fn [url])[0m
  [36m21[0m  [36m                 host (connection :ws-ch mock-ws-ch)])[0m
  [36m22[0m  [36m           (done))))[0m

[36m----  Compiler Warning : Please see test/axiom_cljs/core_test.cljs  ----[0m
[36m----  Compiler Warning on   test/axiom_cljs/core_test.cljs   line:19  column:10  ----[0m

  [1mWrong number of args (2) passed to axiom-cljs.core-test/connection[0m

  [36m15[0m  [36m3. `:err`: An `atom` holding the latest error, or `nil` if communication is intact.[0m
  [36m16[0m  [36mAdditionally, it contains the fields of the `:init` event it receives from the server-side once the connection is open."[0m
  [36m17[0m  [36m(deftest connection[0m
  [36m18[0m  [36m  (async done[0m
  [33m19[0m  [1m         (go[0m
  [0m  [0m  [33m         ^--- Wrong number of args (2) passed to axiom-cljs.core-test/connection[0m
  [36m20[0m  [36m           (let [mock-ws-ch (fn [url])[0m
  [36m21[0m  [36m                 host (connection :ws-ch mock-ws-ch)])[0m
  [36m22[0m  [36m           (done))))[0m

[36m----  Compiler Warning : Please see test/axiom_cljs/core_test.cljs  ----[0m
[32mSuccessfully compiled "resources/public/cljs/tests/all-tests.js" in 3.776 seconds.[0m
notifying browser that file changed:  out/axiom_cljs/core_test.js
[0mCompiling "resources/public/cljs/tests/all-tests.js" from ["src" "test"]...[0m
[36m----  Compiler Warning on   test/axiom_cljs/core_test.cljs   line:21  column:24  ----[0m

  [1mUse of undeclared Var axiom-cljs.core-test/connection[0m

  [36m17[0m  [36m(deftest connection[0m
  [36m18[0m  [36m  (async done[0m
  [36m19[0m  [36m         (go[0m
  [36m20[0m  [36m           (let [mock-ws-ch (fn [url])[0m
  [33m21[0m  [1m                 host (connection :ws-ch mock-ws-ch)])[0m
  [0m  [0m  [33m                       ^--- Use of undeclared Var axiom-cljs.core-test/connection[0m
  [36m22[0m  [36m           (done))))[0m

[36m----  Compiler Warning : Please see test/axiom_cljs/core_test.cljs  ----[0m
[36m----  Compiler Warning on   test/axiom_cljs/core_test.cljs   line:21  column:24  ----[0m

  [1mUse of undeclared Var axiom-cljs.core-test/connection[0m

  [36m17[0m  [36m(deftest connection[0m
  [36m18[0m  [36m  (async done[0m
  [36m19[0m  [36m         (go[0m
  [36m20[0m  [36m           (let [mock-ws-ch (fn [url])[0m
  [33m21[0m  [1m                 host (connection :ws-ch mock-ws-ch)])[0m
  [0m  [0m  [33m                       ^--- Use of undeclared Var axiom-cljs.core-test/connection[0m
  [36m22[0m  [36m           (done))))[0m

[36m----  Compiler Warning : Please see test/axiom_cljs/core_test.cljs  ----[0m
[36m----  Compiler Warning on   test/axiom_cljs/core_test.cljs   line:19  column:10  ----[0m

  [1mWrong number of args (2) passed to axiom-cljs.core-test/connection[0m

  [36m15[0m  [36m3. `:err`: An `atom` holding the latest error, or `nil` if communication is intact.[0m
  [36m16[0m  [36mAdditionally, it contains the fields of the `:init` event it receives from the server-side once the connection is open."[0m
  [36m17[0m  [36m(deftest connection[0m
  [36m18[0m  [36m  (async done[0m
  [33m19[0m  [1m         (go[0m
  [0m  [0m  [33m         ^--- Wrong number of args (2) passed to axiom-cljs.core-test/connection[0m
  [36m20[0m  [36m           (let [mock-ws-ch (fn [url])[0m
  [36m21[0m  [36m                 host (connection :ws-ch mock-ws-ch)])[0m
  [36m22[0m  [36m           (done))))[0m

[36m----  Compiler Warning : Please see test/axiom_cljs/core_test.cljs  ----[0m
[36m----  Compiler Warning on   test/axiom_cljs/core_test.cljs   line:19  column:10  ----[0m

  [1mWrong number of args (2) passed to axiom-cljs.core-test/connection[0m

  [36m15[0m  [36m3. `:err`: An `atom` holding the latest error, or `nil` if communication is intact.[0m
  [36m16[0m  [36mAdditionally, it contains the fields of the `:init` event it receives from the server-side once the connection is open."[0m
  [36m17[0m  [36m(deftest connection[0m
  [36m18[0m  [36m  (async done[0m
  [33m19[0m  [1m         (go[0m
  [0m  [0m  [33m         ^--- Wrong number of args (2) passed to axiom-cljs.core-test/connection[0m
  [36m20[0m  [36m           (let [mock-ws-ch (fn [url])[0m
  [36m21[0m  [36m                 host (connection :ws-ch mock-ws-ch)])[0m
  [36m22[0m  [36m           (done))))[0m

[36m----  Compiler Warning : Please see test/axiom_cljs/core_test.cljs  ----[0m
[32mSuccessfully compiled "resources/public/cljs/tests/all-tests.js" in 1.039 seconds.[0m
notifying browser that file changed:  out/axiom_cljs/core_test.js
[0mCompiling "resources/public/cljs/tests/all-tests.js" from ["src" "test"]...[0m
[36m----  Compiler Warning on   test/axiom_cljs/core_test.cljs   line:21  column:24  ----[0m

  [1mUse of undeclared Var axiom-cljs.core-test/connection[0m

  [36m17[0m  [36m(deftest connection[0m
  [36m18[0m  [36m  (async done[0m
  [36m19[0m  [36m         (go[0m
  [36m20[0m  [36m           (let [mock-ws-ch (fn [url])[0m
  [33m21[0m  [1m                 host (connection :ws-ch mock-ws-ch)])[0m
  [0m  [0m  [33m                       ^--- Use of undeclared Var axiom-cljs.core-test/connection[0m
  [36m22[0m  [36m           (done))))[0m

[36m----  Compiler Warning : Please see test/axiom_cljs/core_test.cljs  ----[0m
[36m----  Compiler Warning on   test/axiom_cljs/core_test.cljs   line:21  column:24  ----[0m

  [1mUse of undeclared Var axiom-cljs.core-test/connection[0m

  [36m17[0m  [36m(deftest connection[0m
  [36m18[0m  [36m  (async done[0m
  [36m19[0m  [36m         (go[0m
  [36m20[0m  [36m           (let [mock-ws-ch (fn [url])[0m
  [33m21[0m  [1m                 host (connection :ws-ch mock-ws-ch)])[0m
  [0m  [0m  [33m                       ^--- Use of undeclared Var axiom-cljs.core-test/connection[0m
  [36m22[0m  [36m           (done))))[0m

[36m----  Compiler Warning : Please see test/axiom_cljs/core_test.cljs  ----[0m
[36m----  Compiler Warning on   test/axiom_cljs/core_test.cljs   line:19  column:10  ----[0m

  [1mWrong number of args (2) passed to axiom-cljs.core-test/connection[0m

  [36m15[0m  [36m3. `:err`: An `atom` holding the latest error, or `nil` if communication is intact.[0m
  [36m16[0m  [36mAdditionally, it contains the fields of the `:init` event it receives from the server-side once the connection is open."[0m
  [36m17[0m  [36m(deftest connection[0m
  [36m18[0m  [36m  (async done[0m
  [33m19[0m  [1m         (go[0m
  [0m  [0m  [33m         ^--- Wrong number of args (2) passed to axiom-cljs.core-test/connection[0m
  [36m20[0m  [36m           (let [mock-ws-ch (fn [url])[0m
  [36m21[0m  [36m                 host (connection :ws-ch mock-ws-ch)])[0m
  [36m22[0m  [36m           (done))))[0m

[36m----  Compiler Warning : Please see test/axiom_cljs/core_test.cljs  ----[0m
[36m----  Compiler Warning on   test/axiom_cljs/core_test.cljs   line:19  column:10  ----[0m

  [1mWrong number of args (2) passed to axiom-cljs.core-test/connection[0m

  [36m15[0m  [36m3. `:err`: An `atom` holding the latest error, or `nil` if communication is intact.[0m
  [36m16[0m  [36mAdditionally, it contains the fields of the `:init` event it receives from the server-side once the connection is open."[0m
  [36m17[0m  [36m(deftest connection[0m
  [36m18[0m  [36m  (async done[0m
  [33m19[0m  [1m         (go[0m
  [0m  [0m  [33m         ^--- Wrong number of args (2) passed to axiom-cljs.core-test/connection[0m
  [36m20[0m  [36m           (let [mock-ws-ch (fn [url])[0m
  [36m21[0m  [36m                 host (connection :ws-ch mock-ws-ch)])[0m
  [36m22[0m  [36m           (done))))[0m

[36m----  Compiler Warning : Please see test/axiom_cljs/core_test.cljs  ----[0m
[32mSuccessfully compiled "resources/public/cljs/tests/all-tests.js" in 0.978 seconds.[0m
notifying browser that file changed:  out/axiom_cljs/core_test.js
[0mCompiling "resources/public/cljs/tests/all-tests.js" from ["src" "test"]...[0m
[32mSuccessfully compiled "resources/public/cljs/tests/all-tests.js" in 1.041 seconds.[0m
notifying browser that file changed:  out/axiom_cljs/core_test.js
[0mCompiling "resources/public/cljs/tests/all-tests.js" from ["src" "test"]...[0m
[36m----  Compiler Warning on   test/axiom_cljs/core_test.cljs   line:21  column:24  ----[0m

  [1mUse of undeclared Var axiom-cljs.core-test/connection[0m

  [36m17[0m  [36m(deftest connection[0m
  [36m18[0m  [36m  (async done[0m
  [36m19[0m  [36m         (go[0m
  [36m20[0m  [36m           (let [mock-ws-ch (fn [url])[0m
  [33m21[0m  [1m                 host (connection :ws-ch mock-ws-ch)])[0m
  [0m  [0m  [33m                       ^--- Use of undeclared Var axiom-cljs.core-test/connection[0m
  [36m22[0m  [36m           (done))))[0m

[36m----  Compiler Warning : Please see test/axiom_cljs/core_test.cljs  ----[0m
[36m----  Compiler Warning on   test/axiom_cljs/core_test.cljs   line:21  column:24  ----[0m

  [1mUse of undeclared Var axiom-cljs.core-test/connection[0m

  [36m17[0m  [36m(deftest connection[0m
  [36m18[0m  [36m  (async done[0m
  [36m19[0m  [36m         (go[0m
  [36m20[0m  [36m           (let [mock-ws-ch (fn [url])[0m
  [33m21[0m  [1m                 host (connection :ws-ch mock-ws-ch)])[0m
  [0m  [0m  [33m                       ^--- Use of undeclared Var axiom-cljs.core-test/connection[0m
  [36m22[0m  [36m           (done))))[0m

[36m----  Compiler Warning : Please see test/axiom_cljs/core_test.cljs  ----[0m
[36m----  Compiler Warning on   test/axiom_cljs/core_test.cljs   line:19  column:10  ----[0m

  [1mWrong number of args (2) passed to axiom-cljs.core-test/connection[0m

  [36m15[0m  [36m3. `:err`: An `atom` holding the latest error, or `nil` if communication is intact.[0m
  [36m16[0m  [36mAdditionally, it contains the fields of the `:init` event it receives from the server-side once the connection is open."[0m
  [36m17[0m  [36m(deftest connection[0m
  [36m18[0m  [36m  (async done[0m
  [33m19[0m  [1m         (go[0m
  [0m  [0m  [33m         ^--- Wrong number of args (2) passed to axiom-cljs.core-test/connection[0m
  [36m20[0m  [36m           (let [mock-ws-ch (fn [url])[0m
  [36m21[0m  [36m                 host (connection :ws-ch mock-ws-ch)])[0m
  [36m22[0m  [36m           (done))))[0m

[36m----  Compiler Warning : Please see test/axiom_cljs/core_test.cljs  ----[0m
[36m----  Compiler Warning on   test/axiom_cljs/core_test.cljs   line:19  column:10  ----[0m

  [1mWrong number of args (2) passed to axiom-cljs.core-test/connection[0m

  [36m15[0m  [36m3. `:err`: An `atom` holding the latest error, or `nil` if communication is intact.[0m
  [36m16[0m  [36mAdditionally, it contains the fields of the `:init` event it receives from the server-side once the connection is open."[0m
  [36m17[0m  [36m(deftest connection[0m
  [36m18[0m  [36m  (async done[0m
  [33m19[0m  [1m         (go[0m
  [0m  [0m  [33m         ^--- Wrong number of args (2) passed to axiom-cljs.core-test/connection[0m
  [36m20[0m  [36m           (let [mock-ws-ch (fn [url])[0m
  [36m21[0m  [36m                 host (connection :ws-ch mock-ws-ch)])[0m
  [36m22[0m  [36m           (done))))[0m

[36m----  Compiler Warning : Please see test/axiom_cljs/core_test.cljs  ----[0m
[32mSuccessfully compiled "resources/public/cljs/tests/all-tests.js" in 0.72 seconds.[0m
notifying browser that file changed:  resources/public/cljs/tests/out/goog/deps.js
notifying browser that file changed:  resources/public/cljs/tests/out/cljs_deps.js
notifying browser that file changed:  out/axiom_cljs/core_test.js
[0mCompiling "resources/public/cljs/tests/all-tests.js" from ["src" "test"]...[0m
[36m----  Compiler Warning on   test/axiom_cljs/core_test.cljs   line:21  column:24  ----[0m

  [1mUse of undeclared Var axiom-cljs.core-test/connection[0m

  [36m17[0m  [36m(deftest connection[0m
  [36m18[0m  [36m  (async done[0m
  [36m19[0m  [36m         (go[0m
  [36m20[0m  [36m           (let [mock-ws-ch (fn [url])[0m
  [33m21[0m  [1m                 host (connection :ws-ch mock-ws-ch)])[0m
  [0m  [0m  [33m                       ^--- Use of undeclared Var axiom-cljs.core-test/connection[0m
  [36m22[0m  [36m           (done))))[0m

[36m----  Compiler Warning : Please see test/axiom_cljs/core_test.cljs  ----[0m
[36m----  Compiler Warning on   test/axiom_cljs/core_test.cljs   line:21  column:24  ----[0m

  [1mUse of undeclared Var axiom-cljs.core-test/connection[0m

  [36m17[0m  [36m(deftest connection[0m
  [36m18[0m  [36m  (async done[0m
  [36m19[0m  [36m         (go[0m
  [36m20[0m  [36m           (let [mock-ws-ch (fn [url])[0m
  [33m21[0m  [1m                 host (connection :ws-ch mock-ws-ch)])[0m
  [0m  [0m  [33m                       ^--- Use of undeclared Var axiom-cljs.core-test/connection[0m
  [36m22[0m  [36m           (done))))[0m

[36m----  Compiler Warning : Please see test/axiom_cljs/core_test.cljs  ----[0m
[36m----  Compiler Warning on   test/axiom_cljs/core_test.cljs   line:19  column:10  ----[0m

  [1mWrong number of args (2) passed to axiom-cljs.core-test/connection[0m

  [36m15[0m  [36m3. `:err`: An `atom` holding the latest error, or `nil` if communication is intact.[0m
  [36m16[0m  [36mAdditionally, it contains the fields of the `:init` event it receives from the server-side once the connection is open."[0m
  [36m17[0m  [36m(deftest connection[0m
  [36m18[0m  [36m  (async done[0m
  [33m19[0m  [1m         (go[0m
  [0m  [0m  [33m         ^--- Wrong number of args (2) passed to axiom-cljs.core-test/connection[0m
  [36m20[0m  [36m           (let [mock-ws-ch (fn [url])[0m
  [36m21[0m  [36m                 host (connection :ws-ch mock-ws-ch)])[0m
  [36m22[0m  [36m           (done))))[0m

[36m----  Compiler Warning : Please see test/axiom_cljs/core_test.cljs  ----[0m
[36m----  Compiler Warning on   test/axiom_cljs/core_test.cljs   line:19  column:10  ----[0m

  [1mWrong number of args (2) passed to axiom-cljs.core-test/connection[0m

  [36m15[0m  [36m3. `:err`: An `atom` holding the latest error, or `nil` if communication is intact.[0m
  [36m16[0m  [36mAdditionally, it contains the fields of the `:init` event it receives from the server-side once the connection is open."[0m
  [36m17[0m  [36m(deftest connection[0m
  [36m18[0m  [36m  (async done[0m
  [33m19[0m  [1m         (go[0m
  [0m  [0m  [33m         ^--- Wrong number of args (2) passed to axiom-cljs.core-test/connection[0m
  [36m20[0m  [36m           (let [mock-ws-ch (fn [url])[0m
  [36m21[0m  [36m                 host (connection :ws-ch mock-ws-ch)])[0m
  [36m22[0m  [36m           (done))))[0m

[36m----  Compiler Warning : Please see test/axiom_cljs/core_test.cljs  ----[0m
[32mSuccessfully compiled "resources/public/cljs/tests/all-tests.js" in 0.479 seconds.[0m
notifying browser that file changed:  out/axiom_cljs/core.js
[0mCompiling "resources/public/cljs/tests/all-tests.js" from ["src" "test"]...[0m
[36m----  Compiler Warning on   test/axiom_cljs/core_test.cljs   line:17  column:1  ----[0m

  [1mconnection already refers to: axiom-cljs.core/connection being replaced by: axiom-cljs.core-test/connection[0m

  [36m13[0m  [36m1. `:from-host`: A `core.async` channel for delivering events from the host,[0m
  [36m14[0m  [36m2. `:to-host`: A `core.async` channel for delivering events to the host,[0m
  [36m15[0m  [36m3. `:err`: An `atom` holding the latest error, or `nil` if communication is intact.[0m
  [36m16[0m  [36mAdditionally, it contains the fields of the `:init` event it receives from the server-side once the connection is open."[0m
  [33m17[0m  [1m(deftest connection[0m
  [0m  [0m  [33m^--- connection already refers to: axiom-cljs.core/connection being replaced by: axiom-cljs.core-test/connection[0m
  [36m18[0m  [36m  (async done[0m
  [36m19[0m  [36m         (go[0m
  [36m20[0m  [36m           (let [mock-ws-ch (fn [url])[0m
  [36m21[0m  [36m                 host (connection :ws-ch mock-ws-ch)])[0m
  [36m22[0m  [36m           (done))))[0m

[36m----  Compiler Warning : Please see test/axiom_cljs/core_test.cljs  ----[0m
[32mSuccessfully compiled "resources/public/cljs/tests/all-tests.js" in 0.491 seconds.[0m
notifying browser that file changed:  out/axiom_cljs/core_test.js
[0mCompiling "resources/public/cljs/tests/all-tests.js" from ["src" "test"]...[0m
[36m----  Compiler Warning on   test/axiom_cljs/core_test.cljs   line:21  column:24  ----[0m

  [1mUse of undeclared Var axiom-cljs.core-test/connection[0m

  [36m17[0m  [36m(deftest connection[0m
  [36m18[0m  [36m  (async done[0m
  [36m19[0m  [36m         (go[0m
  [36m20[0m  [36m           (let [mock-ws-ch (fn [url])[0m
  [33m21[0m  [1m                 host (connection :ws-ch mock-ws-ch)])[0m
  [0m  [0m  [33m                       ^--- Use of undeclared Var axiom-cljs.core-test/connection[0m
  [36m22[0m  [36m           (done))))[0m

[36m----  Compiler Warning : Please see test/axiom_cljs/core_test.cljs  ----[0m
[36m----  Compiler Warning on   test/axiom_cljs/core_test.cljs   line:21  column:24  ----[0m

  [1mUse of undeclared Var axiom-cljs.core-test/connection[0m

  [36m17[0m  [36m(deftest connection[0m
  [36m18[0m  [36m  (async done[0m
  [36m19[0m  [36m         (go[0m
  [36m20[0m  [36m           (let [mock-ws-ch (fn [url])[0m
  [33m21[0m  [1m                 host (connection :ws-ch mock-ws-ch)])[0m
  [0m  [0m  [33m                       ^--- Use of undeclared Var axiom-cljs.core-test/connection[0m
  [36m22[0m  [36m           (done))))[0m

[36m----  Compiler Warning : Please see test/axiom_cljs/core_test.cljs  ----[0m
[36m----  Compiler Warning on   test/axiom_cljs/core_test.cljs   line:19  column:10  ----[0m

  [1mWrong number of args (2) passed to axiom-cljs.core-test/connection[0m

  [36m15[0m  [36m3. `:err`: An `atom` holding the latest error, or `nil` if communication is intact.[0m
  [36m16[0m  [36mAdditionally, it contains the fields of the `:init` event it receives from the server-side once the connection is open."[0m
  [36m17[0m  [36m(deftest connection[0m
  [36m18[0m  [36m  (async done[0m
  [33m19[0m  [1m         (go[0m
  [0m  [0m  [33m         ^--- Wrong number of args (2) passed to axiom-cljs.core-test/connection[0m
  [36m20[0m  [36m           (let [mock-ws-ch (fn [url])[0m
  [36m21[0m  [36m                 host (connection :ws-ch mock-ws-ch)])[0m
  [36m22[0m  [36m           (done))))[0m

[36m----  Compiler Warning : Please see test/axiom_cljs/core_test.cljs  ----[0m
[36m----  Compiler Warning on   test/axiom_cljs/core_test.cljs   line:19  column:10  ----[0m

  [1mWrong number of args (2) passed to axiom-cljs.core-test/connection[0m

  [36m15[0m  [36m3. `:err`: An `atom` holding the latest error, or `nil` if communication is intact.[0m
  [36m16[0m  [36mAdditionally, it contains the fields of the `:init` event it receives from the server-side once the connection is open."[0m
  [36m17[0m  [36m(deftest connection[0m
  [36m18[0m  [36m  (async done[0m
  [33m19[0m  [1m         (go[0m
  [0m  [0m  [33m         ^--- Wrong number of args (2) passed to axiom-cljs.core-test/connection[0m
  [36m20[0m  [36m           (let [mock-ws-ch (fn [url])[0m
  [36m21[0m  [36m                 host (connection :ws-ch mock-ws-ch)])[0m
  [36m22[0m  [36m           (done))))[0m

[36m----  Compiler Warning : Please see test/axiom_cljs/core_test.cljs  ----[0m
[32mSuccessfully compiled "resources/public/cljs/tests/all-tests.js" in 0.544 seconds.[0m
notifying browser that file changed:  out/axiom_cljs/core_test.js
[0mCompiling "resources/public/cljs/tests/all-tests.js" from ["src" "test"]...[0m
[32mSuccessfully compiled "resources/public/cljs/tests/all-tests.js" in 0.425 seconds.[0m
notifying browser that file changed:  out/axiom_cljs/core_test.js
[0mCompiling "resources/public/cljs/tests/all-tests.js" from ["src" "test"]...[0m
[32mSuccessfully compiled "resources/public/cljs/tests/all-tests.js" in 0.426 seconds.[0m
notifying browser that file changed:  out/axiom_cljs/core_test.js
[0mCompiling "resources/public/cljs/tests/all-tests.js" from ["src" "test"]...[0m
[32mSuccessfully compiled "resources/public/cljs/tests/all-tests.js" in 0.393 seconds.[0m
notifying browser that file changed:  resources/public/cljs/tests/out/cljs_deps.js
notifying browser that file changed:  out/axiom_cljs/core.js
[0mCompiling "resources/public/cljs/tests/all-tests.js" from ["src" "test"]...[0m
[32mSuccessfully compiled "resources/public/cljs/tests/all-tests.js" in 0.467 seconds.[0m
notifying browser that file changed:  out/axiom_cljs/core.js
[0mCompiling "resources/public/cljs/tests/all-tests.js" from ["src" "test"]...[0m
[32mSuccessfully compiled "resources/public/cljs/tests/all-tests.js" in 0.496 seconds.[0m
notifying browser that file changed:  out/axiom_cljs/core_test.js
[0mCompiling "resources/public/cljs/tests/all-tests.js" from ["src" "test"]...[0m
[32mSuccessfully compiled "resources/public/cljs/tests/all-tests.js" in 0.56 seconds.[0m
notifying browser that file changed:  out/axiom_cljs/core_test.js
[0mCompiling "resources/public/cljs/tests/all-tests.js" from ["src" "test"]...[0m
[32mSuccessfully compiled "resources/public/cljs/tests/all-tests.js" in 0.484 seconds.[0m
notifying browser that file changed:  out/axiom_cljs/core.js
[0mCompiling "resources/public/cljs/tests/all-tests.js" from ["src" "test"]...[0m
[32mSuccessfully compiled "resources/public/cljs/tests/all-tests.js" in 0.587 seconds.[0m
notifying browser that file changed:  out/axiom_cljs/core_test.js
[0mCompiling "resources/public/cljs/tests/all-tests.js" from ["src" "test"]...[0m
[32mSuccessfully compiled "resources/public/cljs/tests/all-tests.js" in 0.577 seconds.[0m
notifying browser that file changed:  out/axiom_cljs/core.js
[0mCompiling "resources/public/cljs/tests/all-tests.js" from ["src" "test"]...[0m
[36m----  Compiler Warning on   test/axiom_cljs/core_test.cljs   line:24  column:40  ----[0m

  [1mUse of undeclared Var axiom-cljs.core-test/Channel[0m

  [36m20[0m  [36m(let [mock-ws-ch (fn [url])[0m
  [36m21[0m  [36m      host (async/<! (ax/connection :ws-ch mock-ws-ch))][0m
  [36m22[0m  [36m  (is (map? host))[0m
  [36m23[0m  [36m  (is (contains? host :from-host))[0m
  [33m24[0m  [1m  (is (instance? :from-host Channel)))[0m
  [0m  [0m  [33m                            ^--- Use of undeclared Var axiom-cljs.core-test/Channel[0m
  [36m25[0m  [36m(done))))[0m

[36m----  Compiler Warning : Please see test/axiom_cljs/core_test.cljs  ----[0m
[36m----  Compiler Warning on   test/axiom_cljs/core_test.cljs   line:24  column:40  ----[0m

  [1mUse of undeclared Var axiom-cljs.core-test/Channel[0m

  [36m20[0m  [36m(let [mock-ws-ch (fn [url])[0m
  [36m21[0m  [36m      host (async/<! (ax/connection :ws-ch mock-ws-ch))][0m
  [36m22[0m  [36m  (is (map? host))[0m
  [36m23[0m  [36m  (is (contains? host :from-host))[0m
  [33m24[0m  [1m  (is (instance? :from-host Channel)))[0m
  [0m  [0m  [33m                            ^--- Use of undeclared Var axiom-cljs.core-test/Channel[0m
  [36m25[0m  [36m(done))))[0m

[36m----  Compiler Warning : Please see test/axiom_cljs/core_test.cljs  ----[0m
[36m----  Compiler Warning on   test/axiom_cljs/core_test.cljs   line:24  column:40  ----[0m

  [1mUse of undeclared Var axiom-cljs.core-test/Channel[0m

  [36m20[0m  [36m(let [mock-ws-ch (fn [url])[0m
  [36m21[0m  [36m      host (async/<! (ax/connection :ws-ch mock-ws-ch))][0m
  [36m22[0m  [36m  (is (map? host))[0m
  [36m23[0m  [36m  (is (contains? host :from-host))[0m
  [33m24[0m  [1m  (is (instance? :from-host Channel)))[0m
  [0m  [0m  [33m                            ^--- Use of undeclared Var axiom-cljs.core-test/Channel[0m
  [36m25[0m  [36m(done))))[0m

[36m----  Compiler Warning : Please see test/axiom_cljs/core_test.cljs  ----[0m
[36m----  Compiler Warning on   test/axiom_cljs/core_test.cljs   line:24  column:40  ----[0m

  [1mUse of undeclared Var axiom-cljs.core-test/Channel[0m

  [36m20[0m  [36m(let [mock-ws-ch (fn [url])[0m
  [36m21[0m  [36m      host (async/<! (ax/connection :ws-ch mock-ws-ch))][0m
  [36m22[0m  [36m  (is (map? host))[0m
  [36m23[0m  [36m  (is (contains? host :from-host))[0m
  [33m24[0m  [1m  (is (instance? :from-host Channel)))[0m
  [0m  [0m  [33m                            ^--- Use of undeclared Var axiom-cljs.core-test/Channel[0m
  [36m25[0m  [36m(done))))[0m

[36m----  Compiler Warning : Please see test/axiom_cljs/core_test.cljs  ----[0m
[36m----  Compiler Warning on   test/axiom_cljs/core_test.cljs   line:24  column:40  ----[0m

  [1mUse of undeclared Var axiom-cljs.core-test/Channel[0m

  [36m20[0m  [36m(let [mock-ws-ch (fn [url])[0m
  [36m21[0m  [36m      host (async/<! (ax/connection :ws-ch mock-ws-ch))][0m
  [36m22[0m  [36m  (is (map? host))[0m
  [36m23[0m  [36m  (is (contains? host :from-host))[0m
  [33m24[0m  [1m  (is (instance? :from-host Channel)))[0m
  [0m  [0m  [33m                            ^--- Use of undeclared Var axiom-cljs.core-test/Channel[0m
  [36m25[0m  [36m(done))))[0m

[36m----  Compiler Warning : Please see test/axiom_cljs/core_test.cljs  ----[0m
[36m----  Compiler Warning on   test/axiom_cljs/core_test.cljs   line:24  column:40  ----[0m

  [1mUse of undeclared Var axiom-cljs.core-test/Channel[0m

  [36m20[0m  [36m(let [mock-ws-ch (fn [url])[0m
  [36m21[0m  [36m      host (async/<! (ax/connection :ws-ch mock-ws-ch))][0m
  [36m22[0m  [36m  (is (map? host))[0m
  [36m23[0m  [36m  (is (contains? host :from-host))[0m
  [33m24[0m  [1m  (is (instance? :from-host Channel)))[0m
  [0m  [0m  [33m                            ^--- Use of undeclared Var axiom-cljs.core-test/Channel[0m
  [36m25[0m  [36m(done))))[0m

[36m----  Compiler Warning : Please see test/axiom_cljs/core_test.cljs  ----[0m
[36m----  Compiler Warning on   test/axiom_cljs/core_test.cljs   line:24  column:40  ----[0m

  [1mUse of undeclared Var axiom-cljs.core-test/Channel[0m

  [36m20[0m  [36m(let [mock-ws-ch (fn [url])[0m
  [36m21[0m  [36m      host (async/<! (ax/connection :ws-ch mock-ws-ch))][0m
  [36m22[0m  [36m  (is (map? host))[0m
  [36m23[0m  [36m  (is (contains? host :from-host))[0m
  [33m24[0m  [1m  (is (instance? :from-host Channel)))[0m
  [0m  [0m  [33m                            ^--- Use of undeclared Var axiom-cljs.core-test/Channel[0m
  [36m25[0m  [36m(done))))[0m

[36m----  Compiler Warning : Please see test/axiom_cljs/core_test.cljs  ----[0m
[36m----  Compiler Warning on   test/axiom_cljs/core_test.cljs   line:24  column:40  ----[0m

  [1mUse of undeclared Var axiom-cljs.core-test/Channel[0m

  [36m20[0m  [36m(let [mock-ws-ch (fn [url])[0m
  [36m21[0m  [36m      host (async/<! (ax/connection :ws-ch mock-ws-ch))][0m
  [36m22[0m  [36m  (is (map? host))[0m
  [36m23[0m  [36m  (is (contains? host :from-host))[0m
  [33m24[0m  [1m  (is (instance? :from-host Channel)))[0m
  [0m  [0m  [33m                            ^--- Use of undeclared Var axiom-cljs.core-test/Channel[0m
  [36m25[0m  [36m(done))))[0m

[36m----  Compiler Warning : Please see test/axiom_cljs/core_test.cljs  ----[0m
[36m----  Compiler Warning on   test/axiom_cljs/core_test.cljs   line:24  column:40  ----[0m

  [1mUse of undeclared Var axiom-cljs.core-test/Channel[0m

  [36m20[0m  [36m(let [mock-ws-ch (fn [url])[0m
  [36m21[0m  [36m      host (async/<! (ax/connection :ws-ch mock-ws-ch))][0m
  [36m22[0m  [36m  (is (map? host))[0m
  [36m23[0m  [36m  (is (contains? host :from-host))[0m
  [33m24[0m  [1m  (is (instance? :from-host Channel)))[0m
  [0m  [0m  [33m                            ^--- Use of undeclared Var axiom-cljs.core-test/Channel[0m
  [36m25[0m  [36m(done))))[0m

[36m----  Compiler Warning : Please see test/axiom_cljs/core_test.cljs  ----[0m
[36m----  Compiler Warning on   test/axiom_cljs/core_test.cljs   line:24  column:40  ----[0m

  [1mUse of undeclared Var axiom-cljs.core-test/Channel[0m

  [36m20[0m  [36m(let [mock-ws-ch (fn [url])[0m
  [36m21[0m  [36m      host (async/<! (ax/connection :ws-ch mock-ws-ch))][0m
  [36m22[0m  [36m  (is (map? host))[0m
  [36m23[0m  [36m  (is (contains? host :from-host))[0m
  [33m24[0m  [1m  (is (instance? :from-host Channel)))[0m
  [0m  [0m  [33m                            ^--- Use of undeclared Var axiom-cljs.core-test/Channel[0m
  [36m25[0m  [36m(done))))[0m

[36m----  Compiler Warning : Please see test/axiom_cljs/core_test.cljs  ----[0m
[36m----  Compiler Warning on   test/axiom_cljs/core_test.cljs   line:24  column:40  ----[0m

  [1mUse of undeclared Var axiom-cljs.core-test/Channel[0m

  [36m20[0m  [36m(let [mock-ws-ch (fn [url])[0m
  [36m21[0m  [36m      host (async/<! (ax/connection :ws-ch mock-ws-ch))][0m
  [36m22[0m  [36m  (is (map? host))[0m
  [36m23[0m  [36m  (is (contains? host :from-host))[0m
  [33m24[0m  [1m  (is (instance? :from-host Channel)))[0m
  [0m  [0m  [33m                            ^--- Use of undeclared Var axiom-cljs.core-test/Channel[0m
  [36m25[0m  [36m(done))))[0m

[36m----  Compiler Warning : Please see test/axiom_cljs/core_test.cljs  ----[0m
[36m----  Compiler Warning on   test/axiom_cljs/core_test.cljs   line:24  column:40  ----[0m

  [1mUse of undeclared Var axiom-cljs.core-test/Channel[0m

  [36m20[0m  [36m(let [mock-ws-ch (fn [url])[0m
  [36m21[0m  [36m      host (async/<! (ax/connection :ws-ch mock-ws-ch))][0m
  [36m22[0m  [36m  (is (map? host))[0m
  [36m23[0m  [36m  (is (contains? host :from-host))[0m
  [33m24[0m  [1m  (is (instance? :from-host Channel)))[0m
  [0m  [0m  [33m                            ^--- Use of undeclared Var axiom-cljs.core-test/Channel[0m
  [36m25[0m  [36m(done))))[0m

[36m----  Compiler Warning : Please see test/axiom_cljs/core_test.cljs  ----[0m
[32mSuccessfully compiled "resources/public/cljs/tests/all-tests.js" in 0.92 seconds.[0m
notifying browser that file changed:  out/axiom_cljs/core_test.js
[0mCompiling "resources/public/cljs/tests/all-tests.js" from ["src" "test"]...[0m
[32mSuccessfully compiled "resources/public/cljs/tests/all-tests.js" in 0.701 seconds.[0m
notifying browser that file changed:  out/axiom_cljs/core_test.js
[0mCompiling "resources/public/cljs/tests/all-tests.js" from ["src" "test"]...[0m
[32mSuccessfully compiled "resources/public/cljs/tests/all-tests.js" in 0.724 seconds.[0m
notifying browser that file changed:  out/axiom_cljs/core_test.js
[0mCompiling "resources/public/cljs/tests/all-tests.js" from ["src" "test"]...[0m
[32mSuccessfully compiled "resources/public/cljs/tests/all-tests.js" in 0.883 seconds.[0m
notifying browser that file changed:  out/axiom_cljs/core_test.js
[0mCompiling "resources/public/cljs/tests/all-tests.js" from ["src" "test"]...[0m
[32mSuccessfully compiled "resources/public/cljs/tests/all-tests.js" in 0.705 seconds.[0m
notifying browser that file changed:  out/axiom_cljs/core_test.js
[0mCompiling "resources/public/cljs/tests/all-tests.js" from ["src" "test"]...[0m
[32mSuccessfully compiled "resources/public/cljs/tests/all-tests.js" in 0.636 seconds.[0m
notifying browser that file changed:  out/axiom_cljs/core_test.js
[0mCompiling "resources/public/cljs/tests/all-tests.js" from ["src" "test"]...[0m
[32mSuccessfully compiled "resources/public/cljs/tests/all-tests.js" in 0.602 seconds.[0m
notifying browser that file changed:  out/axiom_cljs/core_test.js
[0mCompiling "resources/public/cljs/tests/all-tests.js" from ["src" "test"]...[0m
[32mSuccessfully compiled "resources/public/cljs/tests/all-tests.js" in 0.65 seconds.[0m
notifying browser that file changed:  out/axiom_cljs/core_test.js
[0mCompiling "resources/public/cljs/tests/all-tests.js" from ["src" "test"]...[0m
[32mSuccessfully compiled "resources/public/cljs/tests/all-tests.js" in 0.697 seconds.[0m
notifying browser that file changed:  out/axiom_cljs/core.js
[0mCompiling "resources/public/cljs/tests/all-tests.js" from ["src" "test"]...[0m
[32mSuccessfully compiled "resources/public/cljs/tests/all-tests.js" in 0.72 seconds.[0m
notifying browser that file changed:  out/axiom_cljs/core_test.js
[0mCompiling "resources/public/cljs/tests/all-tests.js" from ["src" "test"]...[0m
[32mSuccessfully compiled "resources/public/cljs/tests/all-tests.js" in 0.813 seconds.[0m
notifying browser that file changed:  out/axiom_cljs/core_test.js
[0mCompiling "resources/public/cljs/tests/all-tests.js" from ["src" "test"]...[0m
[32mSuccessfully compiled "resources/public/cljs/tests/all-tests.js" in 0.728 seconds.[0m
notifying browser that file changed:  out/axiom_cljs/core.js
[0mCompiling "resources/public/cljs/tests/all-tests.js" from ["src" "test"]...[0m
[32mSuccessfully compiled "resources/public/cljs/tests/all-tests.js" in 0.74 seconds.[0m
notifying browser that file changed:  out/axiom_cljs/core.js
[0mCompiling "resources/public/cljs/tests/all-tests.js" from ["src" "test"]...[0m
[32mSuccessfully compiled "resources/public/cljs/tests/all-tests.js" in 0.843 seconds.[0m
notifying browser that file changed:  out/axiom_cljs/core.js
[0mCompiling "resources/public/cljs/tests/all-tests.js" from ["src" "test"]...[0m
[32mSuccessfully compiled "resources/public/cljs/tests/all-tests.js" in 0.709 seconds.[0m
notifying browser that file changed:  out/axiom_cljs/core_test.js
[0mCompiling "resources/public/cljs/tests/all-tests.js" from ["src" "test"]...[0m
[32mSuccessfully compiled "resources/public/cljs/tests/all-tests.js" in 0.747 seconds.[0m
notifying browser that file changed:  out/axiom_cljs/core.js
[0mCompiling "resources/public/cljs/tests/all-tests.js" from ["src" "test"]...[0m
[36m----  Compiler Warning on   src/axiom_cljs/core.cljs   line:9  column:17  ----[0m

  [1mUse of undeclared Var axiom-cljs.core/ch[0m

  [36m 6[0m  [36m(defn connection [& args][0m
  [36m 7[0m  [36m  (go[0m
  [36m 8[0m  [36m    (let [ch (async/chan 1)])[0m
  [33m 9[0m  [1m    {:from-host ch[0m
  [0m  [0m  [33m                ^--- Use of undeclared Var axiom-cljs.core/ch[0m
  [36m10[0m  [36m     :to-host ch}))[0m

[36m----  Compiler Warning : Please see src/axiom_cljs/core.cljs  ----[0m
[36m----  Compiler Warning on   src/axiom_cljs/core.cljs   line:10  column:15  ----[0m

  [1mUse of undeclared Var axiom-cljs.core/ch[0m

  [36m 6[0m  [36m(defn connection [& args][0m
  [36m 7[0m  [36m  (go[0m
  [36m 8[0m  [36m    (let [ch (async/chan 1)])[0m
  [36m 9[0m  [36m    {:from-host ch[0m
  [33m10[0m  [1m     :to-host ch}))[0m
  [0m  [0m  [33m              ^--- Use of undeclared Var axiom-cljs.core/ch[0m

[36m----  Compiler Warning : Please see src/axiom_cljs/core.cljs  ----[0m
[32mSuccessfully compiled "resources/public/cljs/tests/all-tests.js" in 0.931 seconds.[0m
notifying browser that file changed:  out/axiom_cljs/core.js
[0mCompiling "resources/public/cljs/tests/all-tests.js" from ["src" "test"]...[0m
[32mSuccessfully compiled "resources/public/cljs/tests/all-tests.js" in 0.76 seconds.[0m
notifying browser that file changed:  out/axiom_cljs/core.js
[0mCompiling "resources/public/cljs/tests/all-tests.js" from ["src" "test"]...[0m
[32mSuccessfully compiled "resources/public/cljs/tests/all-tests.js" in 0.775 seconds.[0m
notifying browser that file changed:  out/axiom_cljs/core_test.js
[0mCompiling "resources/public/cljs/tests/all-tests.js" from ["src" "test"]...[0m
[32mSuccessfully compiled "resources/public/cljs/tests/all-tests.js" in 0.845 seconds.[0m
notifying browser that file changed:  out/axiom_cljs/core_test.js
[0mCompiling "resources/public/cljs/tests/all-tests.js" from ["src" "test"]...[0m
[32mSuccessfully compiled "resources/public/cljs/tests/all-tests.js" in 0.83 seconds.[0m
notifying browser that file changed:  out/axiom_cljs/core_test.js
[0mCompiling "resources/public/cljs/tests/all-tests.js" from ["src" "test"]...[0m
[32mSuccessfully compiled "resources/public/cljs/tests/all-tests.js" in 0.893 seconds.[0m
notifying browser that file changed:  out/axiom_cljs/core_test.js
[0mCompiling "resources/public/cljs/tests/all-tests.js" from ["src" "test"]...[0m
[32mSuccessfully compiled "resources/public/cljs/tests/all-tests.js" in 0.935 seconds.[0m
notifying browser that file changed:  out/axiom_cljs/core_test.js
[0mCompiling "resources/public/cljs/tests/all-tests.js" from ["src" "test"]...[0m
[32mSuccessfully compiled "resources/public/cljs/tests/all-tests.js" in 1.018 seconds.[0m
notifying browser that file changed:  out/axiom_cljs/core_test.js
[0mCompiling "resources/public/cljs/tests/all-tests.js" from ["src" "test"]...[0m
[32mSuccessfully compiled "resources/public/cljs/tests/all-tests.js" in 0.934 seconds.[0m
notifying browser that file changed:  out/axiom_cljs/core_test.js
[0mCompiling "resources/public/cljs/tests/all-tests.js" from ["src" "test"]...[0m
[32mSuccessfully compiled "resources/public/cljs/tests/all-tests.js" in 0.926 seconds.[0m
notifying browser that file changed:  out/axiom_cljs/core_test.js
[0mCompiling "resources/public/cljs/tests/all-tests.js" from ["src" "test"]...[0m
[32mSuccessfully compiled "resources/public/cljs/tests/all-tests.js" in 1.011 seconds.[0m
notifying browser that file changed:  out/axiom_cljs/core_test.js
[0mCompiling "resources/public/cljs/tests/all-tests.js" from ["src" "test"]...[0m
[31mFailed to compile "resources/public/cljs/tests/all-tests.js" in 0.274 seconds.[0m
[36m----  Could not Analyze  src/axiom_cljs/core.cljs   line:7  column:3  ----[0m

  [1mlet requires an even number of forms in binding vector[0m

  [36m 6[0m  [36m(defn connection [& args][0m
  [33m 7[0m  [1m  (go[0m
  [0m  [0m  [33m  ^--- let requires an even number of forms in binding vector[0m
  [36m 8[0m  [36m    (let [ch (async/chan 1)[0m
  [36m 9[0m  [36m          init (async/<! ch)[0m
  [36m10[0m  [36m          (merge init {:from-host ch[0m

[36m----  Analysis Error : Please see src/axiom_cljs/core.cljs  ----[0m
[0mCompiling "resources/public/cljs/tests/all-tests.js" from ["src" "test"]...[0m
[32mSuccessfully compiled "resources/public/cljs/tests/all-tests.js" in 0.979 seconds.[0m
notifying browser that file changed:  out/axiom_cljs/core.js
[0mCompiling "resources/public/cljs/tests/all-tests.js" from ["src" "test"]...[0m
[32mSuccessfully compiled "resources/public/cljs/tests/all-tests.js" in 1.061 seconds.[0m
notifying browser that file changed:  out/axiom_cljs/core.js
[0mCompiling "resources/public/cljs/tests/all-tests.js" from ["src" "test"]...[0m
[32mSuccessfully compiled "resources/public/cljs/tests/all-tests.js" in 1.031 seconds.[0m
notifying browser that file changed:  out/axiom_cljs/core.js
